[ 21-10-2019 :: 14:27:44 ] [  ERROR  ] Unable to create connection with Admin_DB.
[ 21-10-2019 :: 14:32:04 ] [  ERROR  ] Unable to create connection with Admin_DB.
[ 21-10-2019 :: 14:32:41 ] [  ERROR  ] Unable to create connection with Admin_DB.
[ 21-10-2019 :: 14:33:55 ] [  ERROR  ] Unable to create connection with Admin_DB.
[ 21-10-2019 :: 14:34:51 ] [  INFO  ] Admin_DB connected successfully.
[ 21-10-2019 :: 14:36:59 ] [  INFO  ] Admin_DB connected successfully.
[ 21-10-2019 :: 14:43:33 ] [  INFO  ] Admin_DB connected successfully.
[ 21-10-2019 :: 14:43:45 ] [  INFO  ] Admin_DB connected successfully.
[ 21-10-2019 :: 14:43:45 ] [ ERROR  ] Updation failed.
[ 21-10-2019 :: 14:44:04 ] [  INFO  ] Admin_DB connected successfully.
[ 21-10-2019 :: 14:44:43 ] [  INFO  ] Admin_DB connected successfully.
[ 21-10-2019 :: 14:44:43 ] [ ERROR  ] Updation failed.
[ 21-10-2019 :: 14:46:23 ] [  INFO  ] Admin_DB connected successfully.
[ 21-10-2019 :: 14:53:01 ] [  INFO  ] Admin_DB connected successfully.
[ 21-10-2019 :: 14:54:03 ] [  INFO  ] Admin_DB connected successfully.
[ 21-10-2019 :: 14:54:06 ] [ INFO  ] <pymongo.results.UpdateResult object at 0x7fd33e084a08>
[ 21-10-2019 :: 14:54:06 ] [ INFO  ] Admin_DB has been updated.
[ 21-10-2019 :: 14:56:20 ] [  INFO  ] Admin_DB connected successfully.
[ 21-10-2019 :: 14:56:24 ] [ INFO  ] <pymongo.results.UpdateResult object at 0x7f5d38b8bfc8>
[ 21-10-2019 :: 14:56:24 ] [ INFO  ] Admin_DB has been updated.
[ 21-10-2019 :: 14:56:24 ] [ INFO  ] The search query is successfully completed.
