[ 04-11-2019 :: 02:55:29 ] [  INFO  ] faculty_db Connected Successfully
[ 04-11-2019 :: 02:55:32 ] [  INFO  ] <pymongo.results.InsertOneResult object at 0x0000021730CBC848>
[ 04-11-2019 :: 02:55:32 ] [  INFO  ] Faculty - f018bpit Inserted at user_info Collection in faculty_db
[ 04-11-2019 :: 02:55:33 ] [  INFO  ] <pymongo.results.InsertOneResult object at 0x0000021730CBC848>
[ 04-11-2019 :: 02:55:33 ] [  INFO  ] Faculty - f026bpit Inserted at user_info Collection in faculty_db
[ 04-11-2019 :: 02:55:42 ] [  INFO  ] The Search Query With faculty_id:f018bpit Accomplished Successfully in faculty_db
[ 04-11-2019 :: 02:55:56 ] [  INFO  ] <pymongo.results.UpdateResult object at 0x0000021731AE5DC8>
[ 04-11-2019 :: 02:55:56 ] [  INFO  ] Faculty - f018bpit Updated With - name:shakira in faculty_db
[ 04-11-2019 :: 02:56:06 ] [  INFO  ] <pymongo.results.DeleteResult object at 0x0000021730CBC848>
[ 04-11-2019 :: 02:56:06 ] [  INFO  ] Faculty - faculty_id:f018bpit Removed Successfully from faculty_db
[ 04-11-2019 :: 02:56:11 ] [  INFO  ] Attendance_DB Connected Successfully
[ 04-11-2019 :: 02:56:14 ] [  INFO  ] <pymongo.results.InsertOneResult object at 0x0000021731B1E688>
[ 04-11-2019 :: 02:56:14 ] [  INFO  ] Insertion Operation Accomplished Successfully in Attendance_DB
[ 04-11-2019 :: 02:56:14 ] [  INFO  ] <pymongo.results.InsertOneResult object at 0x0000021731B1E688>
[ 04-11-2019 :: 02:56:14 ] [  INFO  ] Insertion Operation Accomplished Successfully in Attendance_DB
[ 04-11-2019 :: 02:56:15 ] [  INFO  ] Attendance Of a Particular Date Fetched From Attendance_DB 
[ 04-11-2019 :: 02:56:36 ] [  INFO  ] Attendence Collection Fetched From Attendance_DB
[ 04-11-2019 :: 02:56:39 ] [  INFO  ] <pymongo.results.UpdateResult object at 0x0000021731B252C8>
[ 04-11-2019 :: 02:56:39 ] [  INFO  ] Attendance Of a Particular Day Updated Successfully in Attendance_DB 
[ 04-11-2019 :: 02:56:40 ] [  INFO  ] Attendance Collection Dropped Successfully from Attendance_DB
[ 04-11-2019 :: 02:56:41 ] [  INFO  ] batch_db Connected Successfully
[ 04-11-2019 :: 02:56:45 ] [  INFO  ] <pymongo.results.InsertOneResult object at 0x0000021731B24E48>
[ 04-11-2019 :: 02:56:45 ] [  INFO  ] 00020802717 Enrollment Inserted Successfully at bca_cse_d_2021 Collection in batch_db
[ 04-11-2019 :: 02:56:45 ] [  INFO  ] <pymongo.results.InsertOneResult object at 0x0000021731B24E08>
[ 04-11-2019 :: 02:56:45 ] [  INFO  ] 00120802717 Enrollment Inserted Successfully at bca_cse_d_2021 Collection in batch_db
[ 04-11-2019 :: 02:56:46 ] [  INFO  ] <pymongo.results.InsertOneResult object at 0x0000021731B24E48>
[ 04-11-2019 :: 02:56:46 ] [  INFO  ] 00220802717 Enrollment Inserted Successfully at bca_cse_d_2021 Collection in batch_db
[ 04-11-2019 :: 02:56:46 ] [  INFO  ] <pymongo.results.InsertOneResult object at 0x0000021731B24E08>
[ 04-11-2019 :: 02:56:46 ] [  INFO  ] 00320802717 Enrollment Inserted Successfully at bca_cse_d_2021 Collection in batch_db
[ 04-11-2019 :: 02:56:47 ] [  INFO  ] <pymongo.results.InsertOneResult object at 0x0000021731B34D08>
[ 04-11-2019 :: 02:56:47 ] [  INFO  ] 00420802717 Enrollment Inserted Successfully at bca_cse_d_2021 Collection in batch_db
[ 04-11-2019 :: 02:56:47 ] [  ERROR ] 00020802717 Enrollment Insertion at bca_cse_d_2021 Collection in Batch_DB failed - Duplicate Entry Found
[ 04-11-2019 :: 02:56:47 ] [  INFO  ] bca_cse_d_2021 Collection Fetched From Batch_DB
[ 04-11-2019 :: 02:56:48 ] [  INFO  ] <pymongo.results.DeleteResult object at 0x0000021731B25208>
[ 04-11-2019 :: 02:56:48 ] [  INFO  ] 00320802717 Enrollment Removed From bca_cse_d_2021 Collection in Batch_DB
[ 04-11-2019 :: 02:56:50 ] [  INFO  ] bca_cse_d_2021 Collection Removed From Batch_DB
[ 04-11-2019 :: 02:56:51 ] [ INFO  ] Feedback_DB Connected Successfully
[ 04-11-2019 :: 02:56:55 ] [ INFO  ] <pymongo.results.InsertOneResult object at 0x0000021731B241C8>
[ 04-11-2019 :: 02:56:55 ] [ INFO  ] Feedback successfully inserted in Feedback_DB.
[ 04-11-2019 :: 02:56:55 ] [ INFO  ] <pymongo.results.InsertOneResult object at 0x0000021731B1EFC8>
[ 04-11-2019 :: 02:56:55 ] [ INFO  ] Feedback successfully inserted in Feedback_DB.
[ 04-11-2019 :: 02:56:55 ] [ INFO  ] All feedbacks of the faculty has been displayed.
[ 04-11-2019 :: 02:56:58 ] [ INFO  ] <pymongo.results.UpdateResult object at 0x0000021731B24E48>
[ 04-11-2019 :: 02:56:58 ] Faculty_DB has been updated successfully.
[ 04-11-2019 :: 02:57:00 ] [ INFO  ] <pymongo.results.DeleteResult object at 0x0000021731B241C8>
[ 04-11-2019 :: 02:57:00 ] [ INFO  ] Feedback of a particular student for a particular faculty has been removed.
[ 04-11-2019 :: 02:57:01 ] [ INFO  ] Requested Collection Dropped
[ 04-11-2019 :: 02:57:02 ] [ INFO  ] Marksheet_DB Connected Successfully
[ 04-11-2019 :: 02:57:06 ] [ INFO  ] <pymongo.results.InsertOneResult object at 0x0000021731AFC508>
[ 04-11-2019 :: 02:57:06 ] [ INFO  ] Marks of the enrollment number inserted in Marksheet_DB.
[ 04-11-2019 :: 02:57:06 ] [ INFO  ] <pymongo.results.InsertOneResult object at 0x0000021731B3BDC8>
[ 04-11-2019 :: 02:57:06 ] [ INFO  ] Marks of the enrollment number inserted in Marksheet_DB.
[ 04-11-2019 :: 02:57:08 ] [ INFO  ] Marks of the enrollment has been displayed.
[ 04-11-2019 :: 02:57:09 ] [ INFO  ] Marks of all the students has been successfully displayed.
[ 04-11-2019 :: 02:57:13 ] [ INFO  ] <pymongo.results.UpdateResult object at 0x0000021731AE5F08>
[ 04-11-2019 :: 02:57:13 ] [ INFO  ] Marksheet_DB has been updated.
[ 04-11-2019 :: 02:57:14 ] [ INFO  ] <pymongo.results.DeleteResult object at 0x000002173234B088>
[ 04-11-2019 :: 02:57:14 ] [ INFO  ] Marks of particular enrollment has been removed.
[ 04-11-2019 :: 02:57:15 ] [ INFO  ] Current_Batches_DB Connected Successfully
[ 04-11-2019 :: 02:57:19 ] [ INFO  ] <pymongo.results.InsertOneResult object at 0x0000021732356788>
[ 04-11-2019 :: 02:57:19 ] [ INFO  ] A new batch for the particular faculty has been created.
[ 04-11-2019 :: 02:57:19 ] [ ERROR ] This Batch Is Already Present In Database For This Faculty
[ 04-11-2019 :: 02:57:20 ] [ INFO  ] All the current batches has been displayed.
[ 04-11-2019 :: 02:57:21 ] [ INFO  ] <pymongo.results.DeleteResult object at 0x0000021731B1AFC8>
[ 04-11-2019 :: 02:57:21 ] [ INFO  ] Record of that class has been removed from the Current_Batches_DB.
[ 04-11-2019 :: 02:57:22 ] [ INFO  ] Current_Batches_DB has been removed for the particular faculty.
[ 04-11-2019 :: 02:57:23 ] [  INFO  ] student_db Connected Successfully
[ 04-11-2019 :: 02:57:26 ] [  ERROR ] Enrollment - 00120802717 Insertion at user_info Collection in student_db failed - Duplicate Entry Found
[ 04-11-2019 :: 02:57:26 ] [  ERROR ] Enrollment - 00120802717 Insertion at user_info Collection in student_db failed - Duplicate Entry Found
[ 04-11-2019 :: 02:57:27 ] [  INFO  ] The Search Query With enrollment:00120802717 Accomplished Successfully in student_db
[ 04-11-2019 :: 02:57:29 ] [  INFO  ] <pymongo.results.UpdateResult object at 0x0000021732343948>
[ 04-11-2019 :: 02:57:29 ] [  INFO  ] Enrollment - 00120802717 Updated With - name:bebe-rexha in student_db
[ 04-11-2019 :: 02:57:31 ] [  INFO  ] <pymongo.results.DeleteResult object at 0x0000021731B34A08>
